<?xml version="1.0" encoding="UTF-8"?>
<!-- Generated by org.testng.reporters.JUnitXMLReporter -->
<testsuite hostname="SIJRAJAN-7410" name="FirefoxTest" tests="1" failures="0" timestamp="2 Mar 2024 14:12:38 GMT" time="0.006" errors="0">
  <testcase name="@BeforeTest beforeTestMethod" time="0.0" classname="qa.tests.LoginSampleTests">
    <failure type="java.lang.NullPointerException">
      <![CDATA[java.lang.NullPointerException
	at java.io.File.<init>(File.java:277)
	at com.aventstack.extentreports.reporter.ExtentSparkReporter.<init>(ExtentSparkReporter.java:51)
	at base.BaseTest.beforeTestMethod(BaseTest.java:40)
... Removed 22 stack frames]]>
    </failure>
  </testcase> <!-- @BeforeTest beforeTestMethod -->
  <testcase name="@BeforeMethod setUpDriver" time="0.0" classname="qa.tests.LoginSampleTests">
    <skipped/>
  </testcase> <!-- @BeforeMethod setUpDriver -->
  <testcase name="@AfterMethod afterMethod" time="0.0" classname="qa.tests.LoginSampleTests">
    <skipped/>
  </testcase> <!-- @AfterMethod afterMethod -->
  <testcase name="@AfterTest afterTest" time="0.0" classname="qa.tests.LoginSampleTests">
    <skipped/>
  </testcase> <!-- @AfterTest afterTest -->
  <testcase name="enterLoginCredentials" time="0.001" classname="qa.tests.LoginSampleTests">
    <skipped/>
  </testcase> <!-- enterLoginCredentials -->
</testsuite> <!-- FirefoxTest -->
